Arguments: 
  /opt/homebrew/Cellar/node/19.8.1/bin/node /opt/homebrew/bin/yarn dev

PATH: 
  /Users/shahud/.rvm/gems/ruby-3.0.0/bin:/Users/shahud/.rvm/gems/ruby-3.0.0@global/bin:/Users/shahud/.rvm/rubies/ruby-3.0.0/bin:/opt/homebrew/bin:/opt/homebrew/sbin:/usr/local/bin:/System/Cryptexes/App/usr/bin:/usr/bin:/bin:/usr/sbin:/sbin:/Library/Apple/usr/bin:/Users/shahud/Library/Android/sdk/emulator:/Users/shahud/Library/Android/sdk/platform-tools:/Users/shahud/.rvm/bin

Yarn version: 
  1.22.19

Node version: 
  19.8.1

Platform: 
  darwin arm64

Trace: 
  TypeError [ERR_INVALID_ARG_VALUE]: The property 'options.env['npm_package_description']' must be a string without null bytes. Received '\x00"# Backend" # OnBoardBackend-'
      at new NodeError (node:internal/errors:399:5)
      at validateArgumentNullCheck (node:child_process:968:11)
      at normalizeSpawnArguments (node:child_process:697:7)
      at Object.spawn (node:child_process:750:13)
      at /opt/homebrew/lib/node_modules/yarn/lib/cli.js:25732:24
      at new Promise (<anonymous>)
      at new F (/opt/homebrew/lib/node_modules/yarn/lib/cli.js:5305:28)
      at /opt/homebrew/lib/node_modules/yarn/lib/cli.js:25729:12
      at run (/opt/homebrew/lib/node_modules/yarn/lib/cli.js:43184:7)
      at BlockingQueue.maybePushConcurrencyQueue (/opt/homebrew/lib/node_modules/yarn/lib/cli.js:43199:7)

npm manifest: 
  {
    "name": "onboard",
    "version": "1.0.0",
    "description": "",
    "main": "src/index.js",
    "scripts": {
      "start": "pm2 start ecosystem.config.json --no-daemon",
      "dev": "cross-env NODE_ENV=development nodemon src/index.js",
      "test": "echo \"Error: no test specified\" && exit 1"
    },
    "author": "",
    "license": "ISC",
    "dependencies": {
      "bcrypt": "^5.0.1",
      "bcryptjs": "^2.4.3",
      "compression": "^1.7.4",
      "cors": "^2.8.5",
      "cross-env": "^7.0.3",
      "dotenv": "^16.0.2",
      "express": "^4.18.1",
      "express-mongo-sanitize": "^2.2.0",
      "firebase-admin": "^11.3.0",
      "helmet": "^6.0.0",
      "http-status": "^1.5.3",
      "joi": "^17.6.0",
      "jsonwebtoken": "^8.5.1",
      "moment": "^2.29.4",
      "mongoose": "^6.6.1",
      "morgan": "^1.10.0",
      "multer": "^1.4.5-lts.1",
      "node-cron": "^3.0.2",
      "nodemailer": "^6.7.8",
      "nodemon": "^2.0.20",
      "pm2": "^5.2.0",
      "stripe": "^10.10.0",
      "validator": "^13.7.0",
      "validators": "^0.3.1",
      "winston": "^3.8.2",
      "xss-clean": "^0.1.1"
    }
  }

yarn manifest: 
  No manifest

Lockfile: 
  No lockfile
